# Logfile created on 2014-11-26 16:20:11 +0800 by logger.rb/36483
I, [2014-11-26T16:20:11.380864 #29379]  INFO -- : 0:  rake (10.3.2) from /Users/soffolk/.rvm/gems/ruby-2.0.0-p247/specifications/rake-10.3.2.gemspec
I, [2014-11-26T16:20:11.381404 #29379]  INFO -- : 0:  i18n (0.6.11) from /Users/soffolk/.rvm/gems/ruby-2.0.0-p247/specifications/i18n-0.6.11.gemspec
I, [2014-11-26T16:20:11.381824 #29379]  INFO -- : 0:  multi_json (1.10.1) from /Users/soffolk/.rvm/gems/ruby-2.0.0-p247/specifications/multi_json-1.10.1.gemspec
I, [2014-11-26T16:20:11.382193 #29379]  INFO -- : 0:  activesupport (3.2.20) from /Users/soffolk/.rvm/gems/ruby-2.0.0-p247/specifications/activesupport-3.2.20.gemspec
I, [2014-11-26T16:20:11.382558 #29379]  INFO -- : 0:  claide (0.7.0) from /Users/soffolk/.rvm/gems/ruby-2.0.0-p247/specifications/claide-0.7.0.gemspec
I, [2014-11-26T16:20:11.382866 #29379]  INFO -- : 0:  fuzzy_match (2.0.4) from /Users/soffolk/.rvm/gems/ruby-2.0.0-p247/specifications/fuzzy_match-2.0.4.gemspec
I, [2014-11-26T16:20:11.383233 #29379]  INFO -- : 0:  json_pure (1.8.1) from /Users/soffolk/.rvm/gems/ruby-2.0.0-p247/specifications/json_pure-1.8.1.gemspec
I, [2014-11-26T16:20:11.383603 #29379]  INFO -- : 0:  nap (0.8.0) from /Users/soffolk/.rvm/gems/ruby-2.0.0-p247/specifications/nap-0.8.0.gemspec
I, [2014-11-26T16:20:11.383979 #29379]  INFO -- : 0:  cocoapods-core (0.34.4) from /Users/soffolk/.rvm/gems/ruby-2.0.0-p247/specifications/cocoapods-core-0.34.4.gemspec
I, [2014-11-26T16:20:11.384287 #29379]  INFO -- : 0:  cocoapods-downloader (0.7.2) from /Users/soffolk/.rvm/gems/ruby-2.0.0-p247/specifications/cocoapods-downloader-0.7.2.gemspec
I, [2014-11-26T16:20:11.384619 #29379]  INFO -- : 0:  cocoapods-plugins (0.3.2) from /Users/soffolk/.rvm/gems/ruby-2.0.0-p247/specifications/cocoapods-plugins-0.3.2.gemspec
I, [2014-11-26T16:20:11.384922 #29379]  INFO -- : 0:  netrc (0.7.8) from /Users/soffolk/.rvm/gems/ruby-2.0.0-p247/specifications/netrc-0.7.8.gemspec
I, [2014-11-26T16:20:11.385226 #29379]  INFO -- : 0:  cocoapods-trunk (0.3.2) from /Users/soffolk/.rvm/gems/ruby-2.0.0-p247/specifications/cocoapods-trunk-0.3.2.gemspec
I, [2014-11-26T16:20:11.385538 #29379]  INFO -- : 0:  cocoapods-try (0.4.2) from /Users/soffolk/.rvm/gems/ruby-2.0.0-p247/specifications/cocoapods-try-0.4.2.gemspec
I, [2014-11-26T16:20:11.386017 #29379]  INFO -- : 0:  colored (1.2) from /Users/soffolk/.rvm/gems/ruby-2.0.0-p247/specifications/colored-1.2.gemspec
I, [2014-11-26T16:20:11.386418 #29379]  INFO -- : 0:  escape (0.0.4) from /Users/soffolk/.rvm/gems/ruby-2.0.0-p247/specifications/escape-0.0.4.gemspec
I, [2014-11-26T16:20:11.386770 #29379]  INFO -- : 0:  open4 (1.3.4) from /Users/soffolk/.rvm/gems/ruby-2.0.0-p247/specifications/open4-1.3.4.gemspec
I, [2014-11-26T16:20:11.387187 #29379]  INFO -- : 0:  xcodeproj (0.19.4) from /Users/soffolk/.rvm/gems/ruby-2.0.0-p247/specifications/xcodeproj-0.19.4.gemspec
I, [2014-11-26T16:20:11.387507 #29379]  INFO -- : 0:  cocoapods (0.34.4) from /Users/soffolk/.rvm/gems/ruby-2.0.0-p247/specifications/cocoapods-0.34.4.gemspec
I, [2014-11-26T16:20:11.387876 #29379]  INFO -- : 0:  motion-cocoapods (1.7.0) from /Users/soffolk/.rvm/gems/ruby-2.0.0-p247/specifications/motion-cocoapods-1.7.0.gemspec
I, [2014-11-26T16:20:11.388178 #29379]  INFO -- : 0:  motion-require (0.2.0) from /Users/soffolk/.rvm/gems/ruby-2.0.0-p247/specifications/motion-require-0.2.0.gemspec
I, [2014-11-26T16:20:11.388514 #29379]  INFO -- : 0:  afmotion (2.4.1) from /Users/soffolk/.rvm/gems/ruby-2.0.0-p247/specifications/afmotion-2.4.1.gemspec
I, [2014-11-26T16:20:11.388803 #29379]  INFO -- : 0:  bundler (1.5.0) from /Users/soffolk/.rvm/gems/ruby-2.0.0-p247/specifications/bundler-1.5.0.gemspec
I, [2014-11-26T16:29:22.977248 #35369]  INFO -- : 0:  rake (10.3.2) from /Users/soffolk/.rvm/gems/ruby-2.0.0-p247/specifications/rake-10.3.2.gemspec
I, [2014-11-26T16:29:22.977661 #35369]  INFO -- : 0:  bundler (1.5.0) from /Users/soffolk/.rvm/gems/ruby-2.0.0-p247/specifications/bundler-1.5.0.gemspec
I, [2014-11-27T14:36:44.467695 #68729]  INFO -- : 0:  rake (10.3.2) from /Users/soffolk/.rvm/gems/ruby-2.0.0-p247/specifications/rake-10.3.2.gemspec
I, [2014-11-27T14:36:44.493847 #68729]  INFO -- : 0:  i18n (0.6.11) from /Users/soffolk/.rvm/gems/ruby-2.0.0-p247/specifications/i18n-0.6.11.gemspec
I, [2014-11-27T14:36:44.494279 #68729]  INFO -- : 0:  multi_json (1.10.1) from /Users/soffolk/.rvm/gems/ruby-2.0.0-p247/specifications/multi_json-1.10.1.gemspec
I, [2014-11-27T14:36:44.494696 #68729]  INFO -- : 0:  activesupport (3.2.20) from /Users/soffolk/.rvm/gems/ruby-2.0.0-p247/specifications/activesupport-3.2.20.gemspec
I, [2014-11-27T14:36:44.495154 #68729]  INFO -- : 0:  claide (0.7.0) from /Users/soffolk/.rvm/gems/ruby-2.0.0-p247/specifications/claide-0.7.0.gemspec
I, [2014-11-27T14:36:44.495506 #68729]  INFO -- : 0:  fuzzy_match (2.0.4) from /Users/soffolk/.rvm/gems/ruby-2.0.0-p247/specifications/fuzzy_match-2.0.4.gemspec
I, [2014-11-27T14:36:44.495905 #68729]  INFO -- : 0:  json_pure (1.8.1) from /Users/soffolk/.rvm/gems/ruby-2.0.0-p247/specifications/json_pure-1.8.1.gemspec
I, [2014-11-27T14:36:44.496246 #68729]  INFO -- : 0:  nap (0.8.0) from /Users/soffolk/.rvm/gems/ruby-2.0.0-p247/specifications/nap-0.8.0.gemspec
I, [2014-11-27T14:36:44.496560 #68729]  INFO -- : 0:  cocoapods-core (0.34.4) from /Users/soffolk/.rvm/gems/ruby-2.0.0-p247/specifications/cocoapods-core-0.34.4.gemspec
I, [2014-11-27T14:36:44.496871 #68729]  INFO -- : 0:  cocoapods-downloader (0.7.2) from /Users/soffolk/.rvm/gems/ruby-2.0.0-p247/specifications/cocoapods-downloader-0.7.2.gemspec
I, [2014-11-27T14:36:44.497175 #68729]  INFO -- : 0:  cocoapods-plugins (0.3.2) from /Users/soffolk/.rvm/gems/ruby-2.0.0-p247/specifications/cocoapods-plugins-0.3.2.gemspec
I, [2014-11-27T14:36:44.497519 #68729]  INFO -- : 0:  netrc (0.7.8) from /Users/soffolk/.rvm/gems/ruby-2.0.0-p247/specifications/netrc-0.7.8.gemspec
I, [2014-11-27T14:36:44.497907 #68729]  INFO -- : 0:  cocoapods-trunk (0.3.2) from /Users/soffolk/.rvm/gems/ruby-2.0.0-p247/specifications/cocoapods-trunk-0.3.2.gemspec
I, [2014-11-27T14:36:44.498241 #68729]  INFO -- : 0:  cocoapods-try (0.4.2) from /Users/soffolk/.rvm/gems/ruby-2.0.0-p247/specifications/cocoapods-try-0.4.2.gemspec
I, [2014-11-27T14:36:44.498548 #68729]  INFO -- : 0:  colored (1.2) from /Users/soffolk/.rvm/gems/ruby-2.0.0-p247/specifications/colored-1.2.gemspec
I, [2014-11-27T14:36:44.498856 #68729]  INFO -- : 0:  escape (0.0.4) from /Users/soffolk/.rvm/gems/ruby-2.0.0-p247/specifications/escape-0.0.4.gemspec
I, [2014-11-27T14:36:44.499223 #68729]  INFO -- : 0:  open4 (1.3.4) from /Users/soffolk/.rvm/gems/ruby-2.0.0-p247/specifications/open4-1.3.4.gemspec
I, [2014-11-27T14:36:44.499541 #68729]  INFO -- : 0:  xcodeproj (0.19.4) from /Users/soffolk/.rvm/gems/ruby-2.0.0-p247/specifications/xcodeproj-0.19.4.gemspec
I, [2014-11-27T14:36:44.499827 #68729]  INFO -- : 0:  cocoapods (0.34.4) from /Users/soffolk/.rvm/gems/ruby-2.0.0-p247/specifications/cocoapods-0.34.4.gemspec
I, [2014-11-27T14:36:44.500128 #68729]  INFO -- : 0:  motion-cocoapods (1.7.0) from /Users/soffolk/.rvm/gems/ruby-2.0.0-p247/specifications/motion-cocoapods-1.7.0.gemspec
I, [2014-11-27T14:36:44.500429 #68729]  INFO -- : 0:  motion-require (0.2.0) from /Users/soffolk/.rvm/gems/ruby-2.0.0-p247/specifications/motion-require-0.2.0.gemspec
I, [2014-11-27T14:36:44.500760 #68729]  INFO -- : 0:  afmotion (2.4.1) from /Users/soffolk/.rvm/gems/ruby-2.0.0-p247/specifications/afmotion-2.4.1.gemspec
I, [2014-11-27T14:36:44.501071 #68729]  INFO -- : 0:  bundler (1.5.0) from /Users/soffolk/.rvm/gems/ruby-2.0.0-p247/specifications/bundler-1.5.0.gemspec
I, [2014-11-27T14:41:08.446089 #68818]  INFO -- : 0:  rake (10.3.2) from /Users/soffolk/.rvm/gems/ruby-2.0.0-p247/specifications/rake-10.3.2.gemspec
I, [2014-11-27T14:41:08.462983 #68818]  INFO -- : 0:  bubble-wrap-http (1.7.1) from /Users/soffolk/.rvm/gems/ruby-2.0.0-p247/specifications/bubble-wrap-http-1.7.1.gemspec
I, [2014-11-27T14:41:08.463348 #68818]  INFO -- : 0:  bubble-wrap (1.7.1) from /Users/soffolk/.rvm/gems/ruby-2.0.0-p247/specifications/bubble-wrap-1.7.1.gemspec
I, [2014-11-27T14:41:08.463971 #68818]  INFO -- : 0:  bundler (1.5.0) from /Users/soffolk/.rvm/gems/ruby-2.0.0-p247/specifications/bundler-1.5.0.gemspec
I, [2014-11-27T14:47:14.742638 #69185]  INFO -- : 0:  rake (10.3.2) from /Users/soffolk/.rvm/gems/ruby-2.0.0-p247/specifications/rake-10.3.2.gemspec
I, [2014-11-27T14:47:14.760317 #69185]  INFO -- : 0:  bubble-wrap-http (1.7.1) from /Users/soffolk/.rvm/gems/ruby-2.0.0-p247/specifications/bubble-wrap-http-1.7.1.gemspec
I, [2014-11-27T14:47:14.760811 #69185]  INFO -- : 0:  bundler (1.5.0) from /Users/soffolk/.rvm/gems/ruby-2.0.0-p247/specifications/bundler-1.5.0.gemspec
I, [2014-11-27T14:54:38.933070 #69867]  INFO -- : 0:  rake (10.3.2) from /Users/soffolk/.rvm/gems/ruby-2.0.0-p247/specifications/rake-10.3.2.gemspec
I, [2014-11-27T14:54:38.949679 #69867]  INFO -- : 0:  bubble-wrap-http (1.7.1) from /Users/soffolk/.rvm/gems/ruby-2.0.0-p247/specifications/bubble-wrap-http-1.7.1.gemspec
I, [2014-11-27T14:54:38.950252 #69867]  INFO -- : 0:  bubble-wrap (1.7.1) from /Users/soffolk/.rvm/gems/ruby-2.0.0-p247/specifications/bubble-wrap-1.7.1.gemspec
I, [2014-11-27T14:54:38.950697 #69867]  INFO -- : 0:  bundler (1.5.0) from /Users/soffolk/.rvm/gems/ruby-2.0.0-p247/specifications/bundler-1.5.0.gemspec
